2024-11-20 17:06:35 [AWT-EventQueue-0] INFO  o.l.s.shortcut.ShortcutManager - Initialising shortcut Alt+F
2024-11-20 17:06:35 [AWT-EventQueue-0] INFO  o.l.silverscreen.rm.ResourceManager - Displaying window with id: 1
2024-11-20 17:06:35 [AWT-EventQueue-0] INFO  o.l.silverscreen.rm.ResourceManager - Displaying window with id: 1
2024-11-20 17:06:35 [AWT-EventQueue-0] INFO  o.l.silverscreen.rm.ResourceManager - Displaying window with id: 1
2024-11-20 17:06:37 [AWT-EventQueue-0] DEBUG o.l.silverscreen.menu.MenuBarCompose - Activating File
2024-11-20 17:06:37 [AWT-EventQueue-0] INFO  o.l.s.shortcut.ShortcutManager - Initialising shortcut Ctrl+N
2024-11-20 17:06:37 [AWT-EventQueue-0] INFO  o.l.s.shortcut.ShortcutManager - Initialising shortcut Ctrl+O
2024-11-20 17:06:37 [AWT-EventQueue-0] INFO  o.l.s.shortcut.ShortcutManager - Initialising shortcut Ctrl+I
2024-11-20 17:06:37 [AWT-EventQueue-0] INFO  o.l.s.shortcut.ShortcutManager - Initialising shortcut Ctrl+Shift+R
2024-11-20 17:06:37 [AWT-EventQueue-0] INFO  o.l.s.shortcut.ShortcutManager - Initialising shortcut Ctrl+S
2024-11-20 17:06:37 [AWT-EventQueue-0] INFO  o.l.s.shortcut.ShortcutManager - Initialising shortcut Ctrl+Shift+S
2024-11-20 17:06:37 [AWT-EventQueue-0] INFO  o.l.s.shortcut.ShortcutManager - Initialising shortcut Ctrl+Shift+E
2024-11-20 17:06:38 [AWT-EventQueue-0] DEBUG o.l.silverscreen.menu.MenuBarCompose - Activating File
2024-11-20 17:06:38 [AWT-EventQueue-0] DEBUG o.l.silverscreen.menu.MenuBarCompose - Activating File
2024-11-20 17:06:39 [AWT-EventQueue-0] INFO  o.l.silverscreen.rm.ResourceManager - Triggering file picker function openFileDialog for video resources
2024-11-20 17:06:49 [AWT-EventQueue-0] INFO  o.l.silverscreen.rm.ResourceManager - Files selected: /home/nalek0/work/progeng/silver-screen-editor/Application/composeApp/src/desktopMain/resources/video/rose.mp4
2024-11-20 17:06:49 [AWT-EventQueue-0] INFO  o.l.silverscreen.rm.ResourceManager - Adding resource: rose.mp4
2024-11-20 17:06:49 [AWT-EventQueue-0] INFO  o.l.silverscreen.rm.ResourceManager - Resource rose.mp4 added successfully
2024-11-20 17:06:49 [AWT-EventQueue-0] INFO  o.l.silverscreen.rm.ResourceManager - Added video resource: rose.mp4
2024-11-20 17:06:51 [AWT-EventQueue-0] DEBUG o.l.s.render.OnlineVideoRenderer - Changing renderer video resource to: MutableState(value=rose.mp4)@72486318
2024-11-20 17:06:51 [AWT-EventQueue-0] DEBUG o.l.s.render.OnlineVideoRenderer - Using cached frame
2024-11-20 17:06:52 [AWT-EventQueue-0] DEBUG o.l.s.render.OnlineVideoRenderer - Using cached frame
2024-11-20 17:06:52 [AWT-EventQueue-0] DEBUG o.l.s.render.OnlineVideoRenderer - Using cached frame
2024-11-20 17:06:52 [AWT-EventQueue-0] DEBUG o.l.s.render.OnlineVideoRenderer - Using cached frame
2024-11-20 17:06:53 [AWT-EventQueue-0] DEBUG o.l.s.render.OnlineVideoRenderer - Using cached frame
2024-11-20 17:06:53 [AWT-EventQueue-0] DEBUG o.l.s.render.OnlineVideoRenderer - Using cached frame
2024-11-20 17:06:53 [AWT-EventQueue-0] DEBUG o.l.s.render.OnlineVideoRenderer - Using cached frame
2024-11-20 17:06:53 [AWT-EventQueue-0] DEBUG o.l.s.render.OnlineVideoRenderer - Using cached frame
2024-11-20 17:06:53 [AWT-EventQueue-0] DEBUG o.l.s.render.OnlineVideoRenderer - Using cached frame
2024-11-20 17:06:53 [AWT-EventQueue-0] DEBUG o.l.s.render.OnlineVideoRenderer - Using cached frame
2024-11-20 17:06:53 [AWT-EventQueue-0] DEBUG o.l.s.render.OnlineVideoRenderer - Using cached frame
2024-11-20 17:06:53 [AWT-EventQueue-0] DEBUG o.l.s.render.OnlineVideoRenderer - Using cached frame
2024-11-20 17:06:53 [AWT-EventQueue-0] DEBUG o.l.s.render.OnlineVideoRenderer - Using cached frame
2024-11-20 17:06:53 [AWT-EventQueue-0] DEBUG o.l.s.render.OnlineVideoRenderer - Using cached frame
2024-11-20 17:06:53 [AWT-EventQueue-0] DEBUG o.l.s.render.OnlineVideoRenderer - Using cached frame
2024-11-20 17:06:53 [AWT-EventQueue-0] DEBUG o.l.s.render.OnlineVideoRenderer - Using cached frame
2024-11-20 17:06:53 [AWT-EventQueue-0] DEBUG o.l.s.render.OnlineVideoRenderer - Using cached frame
2024-11-20 17:06:53 [AWT-EventQueue-0] DEBUG o.l.s.render.OnlineVideoRenderer - Using cached frame
2024-11-20 17:06:53 [AWT-EventQueue-0] DEBUG o.l.s.render.OnlineVideoRenderer - Using cached frame
2024-11-20 17:06:53 [AWT-EventQueue-0] DEBUG o.l.s.render.OnlineVideoRenderer - Moving forwards over frame numbers: 3 -> 4
2024-11-20 17:06:53 [AWT-EventQueue-0] DEBUG o.l.s.render.OnlineVideoRenderer - Using cached frame
2024-11-20 17:06:53 [AWT-EventQueue-0] DEBUG o.l.s.render.OnlineVideoRenderer - Using cached frame
2024-11-20 17:06:53 [AWT-EventQueue-0] DEBUG o.l.s.render.OnlineVideoRenderer - Using cached frame
2024-11-20 17:06:53 [AWT-EventQueue-0] DEBUG o.l.s.render.OnlineVideoRenderer - Moving forwards over frame numbers: 6 -> 8
2024-11-20 17:06:53 [AWT-EventQueue-0] DEBUG o.l.s.render.OnlineVideoRenderer - Moving forwards over frame numbers: 7 -> 8
2024-11-20 17:06:53 [AWT-EventQueue-0] DEBUG o.l.s.render.OnlineVideoRenderer - Using cached frame
2024-11-20 17:06:53 [AWT-EventQueue-0] DEBUG o.l.s.render.OnlineVideoRenderer - Using cached frame
2024-11-20 17:06:53 [AWT-EventQueue-0] DEBUG o.l.s.render.OnlineVideoRenderer - Moving forwards over frame numbers: 9 -> 10
2024-11-20 17:06:57 [AWT-EventQueue-0] DEBUG o.l.s.render.OnlineVideoRenderer - Moving forwards over frame numbers: 112 -> 113
2024-11-20 17:07:01 [AWT-EventQueue-0] DEBUG o.l.s.render.OnlineVideoRenderer - Moving backwards over frame numbers: 216 -> 0
2024-11-20 17:07:02 [AWT-EventQueue-0] DEBUG o.l.s.render.OnlineVideoRenderer - Moving forwards over frame numbers: 0 -> 2
2024-11-20 17:07:02 [AWT-EventQueue-0] DEBUG o.l.s.render.OnlineVideoRenderer - Moving forwards over frame numbers: 1 -> 2
2024-11-20 17:07:04 [AWT-EventQueue-0] DEBUG o.l.s.render.OnlineVideoRenderer - Moving forwards over frame numbers: 66 -> 67
